<?xml version="1.0" encoding="UTF-8"?>
<!-- Generated by org.testng.reporters.JUnitReportReporter -->
<testsuite skipped="0" hostname="CPX-2GBDMCCDRRC" name="NewTest" tests="1" failures="0" timestamp="03 ago 2018 19:49:35 GMT" time="170.462" errors="0">
  <testcase name="mytest" time="170.462" classname="NewTest"/>
</testsuite> <!-- NewTest -->
